[     670ms] [ERROR] Failed to load resource: the server responded with a status of 404 () @ https://cloud-code-three.vercel.app/__clerk/npm/@clerk/clerk-js@6/dist/clerk.browser.js:0
[     683ms] [ERROR] Failed to load resource: the server responded with a status of 404 () @ https://cloud-code-three.vercel.app/__clerk/npm/@clerk/ui@1/dist/ui.browser.js:0
[    4067ms] [WARNING] The resource https://cloud-code-three.vercel.app/__clerk/npm/@clerk/ui@1/dist/ui.browser.js was preloaded using link preload but not used within a few seconds from the window's load event. Please make sure it has an appropriate `as` value and it is preloaded intentionally. @ https://cloud-code-three.vercel.app/:0
[   16114ms] [ERROR] Failed to load resource: the server responded with a status of 404 () @ https://cloud-code-three.vercel.app/__clerk/npm/@clerk/clerk-js@6/dist/clerk.browser.js:0
[   16373ms] [ERROR] Failed to load resource: the server responded with a status of 404 () @ https://cloud-code-three.vercel.app/__clerk/npm/@clerk/clerk-js@6/dist/clerk.browser.js:0
[   16794ms] [ERROR] Failed to load resource: the server responded with a status of 404 () @ https://cloud-code-three.vercel.app/__clerk/npm/@clerk/clerk-js@6/dist/clerk.browser.js:0
[   17835ms] [ERROR] Failed to load resource: the server responded with a status of 404 () @ https://cloud-code-three.vercel.app/__clerk/npm/@clerk/clerk-js@6/dist/clerk.browser.js:0
[   19085ms] [ERROR] Failed to load resource: the server responded with a status of 404 () @ https://cloud-code-three.vercel.app/__clerk/npm/@clerk/clerk-js@6/dist/clerk.browser.js:0
[   22091ms] [WARNING] The resource https://cloud-code-three.vercel.app/__clerk/npm/@clerk/ui@1/dist/ui.browser.js was preloaded using link preload but not used within a few seconds from the window's load event. Please make sure it has an appropriate `as` value and it is preloaded intentionally. @ https://cloud-code-three.vercel.app/:0
[   22426ms] [ERROR] Failed to load resource: the server responded with a status of 404 () @ https://cloud-code-three.vercel.app/__clerk/npm/@clerk/clerk-js@6/dist/clerk.browser.js:0
[   22514ms] e: Clerk: Failed to load Clerk JS, failed to load script: /__clerk/npm/@clerk/clerk-js@6/dist/clerk.browser.js

(code="failed_to_load_clerk_js")


    at r (https://cloud-code-three.vercel.app/_next/static/chunks/0l40rb0ra0d1r.js?dpl=dpl_GyXkuuCm7A5AMTK52cneNyL627Lh:19:3132)
    at https://cloud-code-three.vercel.app/_next/static/chunks/0l40rb0ra0d1r.js?dpl=dpl_GyXkuuCm7A5AMTK52cneNyL627Lh:19:3598
[   25504ms] [WARNING] The resource https://cloud-code-three.vercel.app/__clerk/npm/@clerk/ui@1/dist/ui.browser.js was preloaded using link preload but not used within a few seconds from the window's load event. Please make sure it has an appropriate `as` value and it is preloaded intentionally. @ https://cloud-code-three.vercel.app/:0
[   31055ms] [ERROR] e: Clerk: Failed to load Clerk JS

(code="failed_to_load_clerk_js")


    at r (https://cloud-code-three.vercel.app/_next/static/chunks/0l40rb0ra0d1r.js?dpl=dpl_GyXkuuCm7A5AMTK52cneNyL627Lh:19:3132)
    at et (https://cloud-code-three.vercel.app/_next/static/chunks/0l40rb0ra0d1r.js?dpl=dpl_GyXkuuCm7A5AMTK52cneNyL627Lh:19:3495)
    at async d.getClerkJsEntryChunk (https://cloud-code-three.vercel.app/_next/static/chunks/0l40rb0ra0d1r.js?dpl=dpl_GyXkuuCm7A5AMTK52cneNyL627Lh:19:41461)
    at async d.getEntryChunks (https://cloud-code-three.vercel.app/_next/static/chunks/0l40rb0ra0d1r.js?dpl=dpl_GyXkuuCm7A5AMTK52cneNyL627Lh:19:40940) @ https://cloud-code-three.vercel.app/_next/static/chunks/0l40rb0ra0d1r.js?dpl=dpl_GyXkuuCm7A5AMTK52cneNyL627Lh:18
